TN:
SF:src\functions\functions.js
FN:6,divideIt
FN:17,convertTitleCase
FN:20,(anonymous_2)
FNF:3
FNH:3
FNDA:4,divideIt
FNDA:1,convertTitleCase
FNDA:1,(anonymous_2)
DA:1,1
DA:7,4
DA:8,4
DA:9,2
DA:11,2
DA:12,1
DA:14,1
DA:18,1
DA:20,1
DA:23,1
DA:26,1
LF:11
LH:11
BRDA:8,0,0,2
BRDA:8,0,1,2
BRDA:8,1,0,4
BRDA:8,1,1,3
BRDA:11,2,0,1
BRDA:11,2,1,1
BRF:6
BRH:6
end_of_record
TN:
SF:src\services\post-provider.js
FN:3,(anonymous_0)
FNF:1
FNH:1
FNDA:7,(anonymous_0)
DA:3,2
DA:4,7
DA:5,7
DA:6,4
DA:9,2
LF:5
LH:5
BRF:0
BRH:0
end_of_record
TN:
SF:src\services\post-service.js
FN:3,(anonymous_0)
FNF:1
FNH:1
FNDA:4,(anonymous_0)
DA:3,1
DA:4,4
DA:5,3
DA:7,3
DA:8,15
DA:9,6
DA:12,15
DA:15,3
DA:17,3
DA:18,6
DA:19,5
DA:23,3
DA:26,1
LF:13
LH:13
BRDA:8,0,0,6
BRDA:8,0,1,9
BRDA:18,1,0,5
BRDA:18,1,1,1
BRF:4
BRH:4
end_of_record
